[ 2016-07-20T21:13:26+08:00 ] ::1 /zyblog/Admin/
INFO: [ app_init ] --START--
INFO: Run Behavior\BuildLiteBehavior [ RunTime:0.000000s ]
INFO: [ app_init ] --END-- [ RunTime:0.022002s ]
INFO: [ app_begin ] --START--
INFO: Run Behavior\ReadHtmlCacheBehavior [ RunTime:0.015001s ]
INFO: [ app_begin ] --END-- [ RunTime:0.016001s ]
INFO: [ view_parse ] --START--
INFO: [ template_filter ] --START--
INFO: Run Behavior\ContentReplaceBehavior [ RunTime:0.000000s ]
INFO: [ template_filter ] --END-- [ RunTime:0.000000s ]
INFO: Run Behavior\ParseTemplateBehavior [ RunTime:0.072004s ]
INFO: [ view_parse ] --END-- [ RunTime:0.072004s ]
INFO: [ view_filter ] --START--
INFO: Run Behavior\WriteHtmlCacheBehavior [ RunTime:0.018001s ]
INFO: [ view_filter ] --END-- [ RunTime:0.018001s ]
INFO: [ app_end ] --START--
INFO: Run Behavior\ShowPageTraceBehavior [ RunTime:0.018001s ]
INFO: [ app_end ] --END-- [ RunTime:0.018001s ]

[ 2016-07-20T21:15:11+08:00 ] ::1 /zyblog/Admin/
INFO: [ app_init ] --START--
INFO: Run Behavior\BuildLiteBehavior [ RunTime:0.000000s ]
INFO: [ app_init ] --END-- [ RunTime:0.000000s ]
INFO: [ app_begin ] --START--
INFO: Run Behavior\ReadHtmlCacheBehavior [ RunTime:0.001000s ]
INFO: [ app_begin ] --END-- [ RunTime:0.001000s ]
INFO: [ view_parse ] --START--
INFO: [ template_filter ] --START--
INFO: Run Behavior\ContentReplaceBehavior [ RunTime:0.001000s ]
INFO: [ template_filter ] --END-- [ RunTime:0.001000s ]
INFO: Run Behavior\ParseTemplateBehavior [ RunTime:0.008001s ]
INFO: [ view_parse ] --END-- [ RunTime:0.008001s ]
INFO: [ view_filter ] --START--
INFO: Run Behavior\WriteHtmlCacheBehavior [ RunTime:0.001000s ]
INFO: [ view_filter ] --END-- [ RunTime:0.001000s ]
INFO: [ app_end ] --START--
INFO: Run Behavior\ShowPageTraceBehavior [ RunTime:0.001000s ]
INFO: [ app_end ] --END-- [ RunTime:0.001000s ]

[ 2016-07-20T21:15:51+08:00 ] ::1 /zyblog/Admin/
INFO: [ app_init ] --START--
INFO: Run Behavior\BuildLiteBehavior [ RunTime:0.000000s ]
INFO: [ app_init ] --END-- [ RunTime:0.001000s ]
INFO: [ app_begin ] --START--
INFO: Run Behavior\ReadHtmlCacheBehavior [ RunTime:0.000000s ]
INFO: [ app_begin ] --END-- [ RunTime:0.001000s ]
INFO: [ view_parse ] --START--
INFO: [ template_filter ] --START--
INFO: Run Behavior\ContentReplaceBehavior [ RunTime:0.000000s ]
INFO: [ template_filter ] --END-- [ RunTime:0.000000s ]
INFO: Run Behavior\ParseTemplateBehavior [ RunTime:0.006000s ]
INFO: [ view_parse ] --END-- [ RunTime:0.007000s ]
INFO: [ view_filter ] --START--
INFO: Run Behavior\WriteHtmlCacheBehavior [ RunTime:0.000000s ]
INFO: [ view_filter ] --END-- [ RunTime:0.000000s ]
INFO: [ app_end ] --START--
INFO: Run Behavior\ShowPageTraceBehavior [ RunTime:0.001000s ]
INFO: [ app_end ] --END-- [ RunTime:0.001000s ]

[ 2016-07-20T21:15:51+08:00 ] ::1 /zyblog/index.php/admin/Login/verify/
INFO: [ app_init ] --START--
INFO: Run Behavior\BuildLiteBehavior [ RunTime:0.000000s ]
INFO: [ app_init ] --END-- [ RunTime:0.000000s ]
INFO: [ app_begin ] --START--
INFO: Run Behavior\ReadHtmlCacheBehavior [ RunTime:0.001000s ]
INFO: [ app_begin ] --END-- [ RunTime:0.001000s ]

[ 2016-07-20T21:20:48+08:00 ] ::1 /zyblog/Admin/
INFO: [ app_init ] --START--
INFO: Run Behavior\BuildLiteBehavior [ RunTime:0.000000s ]
INFO: [ app_init ] --END-- [ RunTime:0.000000s ]
INFO: [ app_begin ] --START--
INFO: Run Behavior\ReadHtmlCacheBehavior [ RunTime:0.001000s ]
INFO: [ app_begin ] --END-- [ RunTime:0.001000s ]
INFO: [ view_parse ] --START--
INFO: [ template_filter ] --START--
INFO: Run Behavior\ContentReplaceBehavior [ RunTime:0.000000s ]
INFO: [ template_filter ] --END-- [ RunTime:0.000000s ]
INFO: Run Behavior\ParseTemplateBehavior [ RunTime:0.010000s ]
INFO: [ view_parse ] --END-- [ RunTime:0.010000s ]
INFO: [ view_filter ] --START--
INFO: Run Behavior\WriteHtmlCacheBehavior [ RunTime:0.001001s ]
INFO: [ view_filter ] --END-- [ RunTime:0.001001s ]
INFO: [ app_end ] --START--
INFO: Run Behavior\ShowPageTraceBehavior [ RunTime:0.001000s ]
INFO: [ app_end ] --END-- [ RunTime:0.001000s ]

[ 2016-07-20T21:20:48+08:00 ] ::1 /zyblog/index.php/admin/Login/verify/
INFO: [ app_init ] --START--
INFO: Run Behavior\BuildLiteBehavior [ RunTime:0.000000s ]
INFO: [ app_init ] --END-- [ RunTime:0.000000s ]
INFO: [ app_begin ] --START--
INFO: Run Behavior\ReadHtmlCacheBehavior [ RunTime:0.001000s ]
INFO: [ app_begin ] --END-- [ RunTime:0.001000s ]
ERR: 非法操作:verify

[ 2016-07-20T21:20:49+08:00 ] ::1 /zyblog/Admin/
INFO: [ app_init ] --START--
INFO: Run Behavior\BuildLiteBehavior [ RunTime:0.000000s ]
INFO: [ app_init ] --END-- [ RunTime:0.001000s ]
INFO: [ app_begin ] --START--
INFO: Run Behavior\ReadHtmlCacheBehavior [ RunTime:0.001000s ]
INFO: [ app_begin ] --END-- [ RunTime:0.001000s ]
INFO: [ view_parse ] --START--
INFO: [ template_filter ] --START--
INFO: Run Behavior\ContentReplaceBehavior [ RunTime:0.000000s ]
INFO: [ template_filter ] --END-- [ RunTime:0.000000s ]
INFO: Run Behavior\ParseTemplateBehavior [ RunTime:0.008001s ]
INFO: [ view_parse ] --END-- [ RunTime:0.008001s ]
INFO: [ view_filter ] --START--
INFO: Run Behavior\WriteHtmlCacheBehavior [ RunTime:0.001000s ]
INFO: [ view_filter ] --END-- [ RunTime:0.001000s ]
INFO: [ app_end ] --START--
INFO: Run Behavior\ShowPageTraceBehavior [ RunTime:0.000000s ]
INFO: [ app_end ] --END-- [ RunTime:0.000000s ]

[ 2016-07-20T21:20:49+08:00 ] ::1 /zyblog/index.php/admin/Login/verify/
INFO: [ app_init ] --START--
INFO: Run Behavior\BuildLiteBehavior [ RunTime:0.000000s ]
INFO: [ app_init ] --END-- [ RunTime:0.000000s ]
INFO: [ app_begin ] --START--
INFO: Run Behavior\ReadHtmlCacheBehavior [ RunTime:0.001000s ]
INFO: [ app_begin ] --END-- [ RunTime:0.001000s ]
ERR: 非法操作:verify

[ 2016-07-20T21:22:26+08:00 ] ::1 /zyblog/Admin/
INFO: [ app_init ] --START--
INFO: Run Behavior\BuildLiteBehavior [ RunTime:0.000000s ]
INFO: [ app_init ] --END-- [ RunTime:0.001000s ]
INFO: [ app_begin ] --START--
INFO: Run Behavior\ReadHtmlCacheBehavior [ RunTime:0.000000s ]
INFO: [ app_begin ] --END-- [ RunTime:0.000000s ]
INFO: [ view_parse ] --START--
INFO: [ template_filter ] --START--
INFO: Run Behavior\ContentReplaceBehavior [ RunTime:0.000000s ]
INFO: [ template_filter ] --END-- [ RunTime:0.000000s ]
INFO: Run Behavior\ParseTemplateBehavior [ RunTime:0.007000s ]
INFO: [ view_parse ] --END-- [ RunTime:0.007000s ]
INFO: [ view_filter ] --START--
INFO: Run Behavior\WriteHtmlCacheBehavior [ RunTime:0.001000s ]
INFO: [ view_filter ] --END-- [ RunTime:0.001000s ]
INFO: [ app_end ] --START--
INFO: Run Behavior\ShowPageTraceBehavior [ RunTime:0.000000s ]
INFO: [ app_end ] --END-- [ RunTime:0.000000s ]

[ 2016-07-20T21:22:26+08:00 ] ::1 /zyblog/index.php/Admin/Index/verify/
INFO: [ app_init ] --START--
INFO: Run Behavior\BuildLiteBehavior [ RunTime:0.000000s ]
INFO: [ app_init ] --END-- [ RunTime:0.000000s ]
INFO: [ app_begin ] --START--
INFO: Run Behavior\ReadHtmlCacheBehavior [ RunTime:0.001000s ]
INFO: [ app_begin ] --END-- [ RunTime:0.001000s ]

[ 2016-07-20T21:22:27+08:00 ] ::1 /zyblog/Admin/
INFO: [ app_init ] --START--
INFO: Run Behavior\BuildLiteBehavior [ RunTime:0.000000s ]
INFO: [ app_init ] --END-- [ RunTime:0.000000s ]
INFO: [ app_begin ] --START--
INFO: Run Behavior\ReadHtmlCacheBehavior [ RunTime:0.001000s ]
INFO: [ app_begin ] --END-- [ RunTime:0.001000s ]
INFO: [ view_parse ] --START--
INFO: [ template_filter ] --START--
INFO: Run Behavior\ContentReplaceBehavior [ RunTime:0.000000s ]
INFO: [ template_filter ] --END-- [ RunTime:0.000000s ]
INFO: Run Behavior\ParseTemplateBehavior [ RunTime:0.010001s ]
INFO: [ view_parse ] --END-- [ RunTime:0.010001s ]
INFO: [ view_filter ] --START--
INFO: Run Behavior\WriteHtmlCacheBehavior [ RunTime:0.001000s ]
INFO: [ view_filter ] --END-- [ RunTime:0.001000s ]
INFO: [ app_end ] --START--
INFO: Run Behavior\ShowPageTraceBehavior [ RunTime:0.001000s ]
INFO: [ app_end ] --END-- [ RunTime:0.001000s ]

[ 2016-07-20T21:22:27+08:00 ] ::1 /zyblog/index.php/Admin/Index/verify/
INFO: [ app_init ] --START--
INFO: Run Behavior\BuildLiteBehavior [ RunTime:0.000000s ]
INFO: [ app_init ] --END-- [ RunTime:0.001000s ]
INFO: [ app_begin ] --START--
INFO: Run Behavior\ReadHtmlCacheBehavior [ RunTime:0.001001s ]
INFO: [ app_begin ] --END-- [ RunTime:0.001001s ]

[ 2016-07-20T21:22:27+08:00 ] ::1 /zyblog/Admin/
INFO: [ app_init ] --START--
INFO: Run Behavior\BuildLiteBehavior [ RunTime:0.000000s ]
INFO: [ app_init ] --END-- [ RunTime:0.000000s ]
INFO: [ app_begin ] --START--
INFO: Run Behavior\ReadHtmlCacheBehavior [ RunTime:0.000000s ]
INFO: [ app_begin ] --END-- [ RunTime:0.000000s ]
INFO: [ view_parse ] --START--
INFO: [ template_filter ] --START--
INFO: Run Behavior\ContentReplaceBehavior [ RunTime:0.000000s ]
INFO: [ template_filter ] --END-- [ RunTime:0.000000s ]
INFO: Run Behavior\ParseTemplateBehavior [ RunTime:0.006000s ]
INFO: [ view_parse ] --END-- [ RunTime:0.006000s ]
INFO: [ view_filter ] --START--
INFO: Run Behavior\WriteHtmlCacheBehavior [ RunTime:0.000000s ]
INFO: [ view_filter ] --END-- [ RunTime:0.000000s ]
INFO: [ app_end ] --START--
INFO: Run Behavior\ShowPageTraceBehavior [ RunTime:0.001000s ]
INFO: [ app_end ] --END-- [ RunTime:0.001000s ]

[ 2016-07-20T21:22:27+08:00 ] ::1 /zyblog/index.php/Admin/Index/verify/
INFO: [ app_init ] --START--
INFO: Run Behavior\BuildLiteBehavior [ RunTime:0.000000s ]
INFO: [ app_init ] --END-- [ RunTime:0.001000s ]
INFO: [ app_begin ] --START--
INFO: Run Behavior\ReadHtmlCacheBehavior [ RunTime:0.001000s ]
INFO: [ app_begin ] --END-- [ RunTime:0.001000s ]

[ 2016-07-20T21:22:27+08:00 ] ::1 /zyblog/Admin/
INFO: [ app_init ] --START--
INFO: Run Behavior\BuildLiteBehavior [ RunTime:0.000000s ]
INFO: [ app_init ] --END-- [ RunTime:0.000000s ]
INFO: [ app_begin ] --START--
INFO: Run Behavior\ReadHtmlCacheBehavior [ RunTime:0.001000s ]
INFO: [ app_begin ] --END-- [ RunTime:0.001000s ]
INFO: [ view_parse ] --START--
INFO: [ template_filter ] --START--
INFO: Run Behavior\ContentReplaceBehavior [ RunTime:0.000000s ]
INFO: [ template_filter ] --END-- [ RunTime:0.000000s ]
INFO: Run Behavior\ParseTemplateBehavior [ RunTime:0.010001s ]
INFO: [ view_parse ] --END-- [ RunTime:0.010001s ]
INFO: [ view_filter ] --START--
INFO: Run Behavior\WriteHtmlCacheBehavior [ RunTime:0.000000s ]
INFO: [ view_filter ] --END-- [ RunTime:0.000000s ]
INFO: [ app_end ] --START--
INFO: Run Behavior\ShowPageTraceBehavior [ RunTime:0.001000s ]
INFO: [ app_end ] --END-- [ RunTime:0.001000s ]

[ 2016-07-20T21:22:28+08:00 ] ::1 /zyblog/index.php/Admin/Index/verify/
INFO: [ app_init ] --START--
INFO: Run Behavior\BuildLiteBehavior [ RunTime:0.000000s ]
INFO: [ app_init ] --END-- [ RunTime:0.001001s ]
INFO: [ app_begin ] --START--
INFO: Run Behavior\ReadHtmlCacheBehavior [ RunTime:0.001000s ]
INFO: [ app_begin ] --END-- [ RunTime:0.001000s ]

[ 2016-07-20T21:24:35+08:00 ] ::1 /zyblog/Admin/Index/index
INFO: [ app_init ] --START--
INFO: Run Behavior\BuildLiteBehavior [ RunTime:0.000000s ]
INFO: [ app_init ] --END-- [ RunTime:0.001000s ]
INFO: [ app_begin ] --START--
INFO: Run Behavior\ReadHtmlCacheBehavior [ RunTime:0.001000s ]
INFO: [ app_begin ] --END-- [ RunTime:0.001000s ]
INFO: [ view_parse ] --START--
INFO: [ template_filter ] --START--
INFO: Run Behavior\ContentReplaceBehavior [ RunTime:0.000000s ]
INFO: [ template_filter ] --END-- [ RunTime:0.000000s ]
INFO: Run Behavior\ParseTemplateBehavior [ RunTime:0.007000s ]
INFO: [ view_parse ] --END-- [ RunTime:0.007000s ]
INFO: [ view_filter ] --START--
INFO: Run Behavior\WriteHtmlCacheBehavior [ RunTime:0.001000s ]
INFO: [ view_filter ] --END-- [ RunTime:0.001000s ]
INFO: [ app_end ] --START--
INFO: Run Behavior\ShowPageTraceBehavior [ RunTime:0.001000s ]
INFO: [ app_end ] --END-- [ RunTime:0.001000s ]

[ 2016-07-20T21:24:35+08:00 ] ::1 /zyblog/index.php/Admin/Index/verify/
INFO: [ app_init ] --START--
INFO: Run Behavior\BuildLiteBehavior [ RunTime:0.000000s ]
INFO: [ app_init ] --END-- [ RunTime:0.001000s ]
INFO: [ app_begin ] --START--
INFO: Run Behavior\ReadHtmlCacheBehavior [ RunTime:0.001000s ]
INFO: [ app_begin ] --END-- [ RunTime:0.001000s ]

[ 2016-07-20T21:27:16+08:00 ] ::1 /zyblog/Admin/User/
INFO: [ app_init ] --START--
INFO: Run Behavior\BuildLiteBehavior [ RunTime:0.000000s ]
INFO: [ app_init ] --END-- [ RunTime:0.001000s ]
INFO: [ app_begin ] --START--
INFO: Run Behavior\ReadHtmlCacheBehavior [ RunTime:0.001000s ]
INFO: [ app_begin ] --END-- [ RunTime:0.001000s ]
ERR: 非法操作:index

[ 2016-07-20T21:27:26+08:00 ] ::1 /zyblog/Admin/User/vistor
INFO: [ app_init ] --START--
INFO: Run Behavior\BuildLiteBehavior [ RunTime:0.000000s ]
INFO: [ app_init ] --END-- [ RunTime:0.000000s ]
INFO: [ app_begin ] --START--
INFO: Run Behavior\ReadHtmlCacheBehavior [ RunTime:0.002000s ]
INFO: [ app_begin ] --END-- [ RunTime:0.002000s ]
SQL: SHOW COLUMNS FROM `s_vistor` [ RunTime:0.0840s ]
SQL: SELECT * FROM `s_vistor`  [ RunTime:0.0010s ]
INFO: [ view_parse ] --START--
INFO: [ template_filter ] --START--
INFO: Run Behavior\ContentReplaceBehavior [ RunTime:0.000000s ]
INFO: [ template_filter ] --END-- [ RunTime:0.000000s ]
INFO: Run Behavior\ParseTemplateBehavior [ RunTime:0.082005s ]
INFO: [ view_parse ] --END-- [ RunTime:0.082005s ]
INFO: [ view_filter ] --START--
INFO: Run Behavior\WriteHtmlCacheBehavior [ RunTime:0.001000s ]
INFO: [ view_filter ] --END-- [ RunTime:0.001000s ]
INFO: [ app_end ] --START--
INFO: Run Behavior\ShowPageTraceBehavior [ RunTime:0.001000s ]
INFO: [ app_end ] --END-- [ RunTime:0.001000s ]

[ 2016-07-20T21:27:33+08:00 ] ::1 /zyblog/index.php/Admin/User/manager.html
INFO: [ app_init ] --START--
INFO: Run Behavior\BuildLiteBehavior [ RunTime:0.000000s ]
INFO: [ app_init ] --END-- [ RunTime:0.001000s ]
INFO: [ app_begin ] --START--
INFO: Run Behavior\ReadHtmlCacheBehavior [ RunTime:0.000000s ]
INFO: [ app_begin ] --END-- [ RunTime:0.001000s ]
SQL: SHOW COLUMNS FROM `vistors` [ RunTime:0.0600s ]
SQL: SELECT * FROM `vistors`  [ RunTime:0.0120s ]
NOTIC: [8] Use of undefined constant manager - assumed 'manager' D:\www\zyblog\Application\Admin\Controller\UserController.class.php 第 8 行.
INFO: [ view_parse ] --START--
INFO: [ template_filter ] --START--
INFO: Run Behavior\ContentReplaceBehavior [ RunTime:0.000000s ]
INFO: [ template_filter ] --END-- [ RunTime:0.000000s ]
INFO: Run Behavior\ParseTemplateBehavior [ RunTime:0.026001s ]
INFO: [ view_parse ] --END-- [ RunTime:0.026001s ]
INFO: [ view_filter ] --START--
INFO: Run Behavior\WriteHtmlCacheBehavior [ RunTime:0.000000s ]
INFO: [ view_filter ] --END-- [ RunTime:0.000000s ]
INFO: [ app_end ] --START--
INFO: Run Behavior\ShowPageTraceBehavior [ RunTime:0.002000s ]
INFO: [ app_end ] --END-- [ RunTime:0.002000s ]

[ 2016-07-20T21:27:46+08:00 ] ::1 /zyblog/index.php/Admin/
INFO: [ app_init ] --START--
INFO: Run Behavior\BuildLiteBehavior [ RunTime:0.000000s ]
INFO: [ app_init ] --END-- [ RunTime:0.000000s ]
INFO: [ app_begin ] --START--
INFO: Run Behavior\ReadHtmlCacheBehavior [ RunTime:0.001000s ]
INFO: [ app_begin ] --END-- [ RunTime:0.001000s ]
INFO: [ view_parse ] --START--
INFO: [ template_filter ] --START--
INFO: Run Behavior\ContentReplaceBehavior [ RunTime:0.000000s ]
INFO: [ template_filter ] --END-- [ RunTime:0.000000s ]
INFO: Run Behavior\ParseTemplateBehavior [ RunTime:0.007001s ]
INFO: [ view_parse ] --END-- [ RunTime:0.007001s ]
INFO: [ view_filter ] --START--
INFO: Run Behavior\WriteHtmlCacheBehavior [ RunTime:0.001000s ]
INFO: [ view_filter ] --END-- [ RunTime:0.001000s ]
INFO: [ app_end ] --START--
INFO: Run Behavior\ShowPageTraceBehavior [ RunTime:0.001000s ]
INFO: [ app_end ] --END-- [ RunTime:0.001000s ]

[ 2016-07-20T21:27:53+08:00 ] ::1 /zyblog/Admin/Login/checklog
INFO: [ app_init ] --START--
INFO: Run Behavior\BuildLiteBehavior [ RunTime:0.000000s ]
INFO: [ app_init ] --END-- [ RunTime:0.001000s ]
INFO: [ app_begin ] --START--
INFO: Run Behavior\ReadHtmlCacheBehavior [ RunTime:0.001000s ]
INFO: [ app_begin ] --END-- [ RunTime:0.001000s ]
ERR: 非法操作:checklog

[ 2016-07-20T21:29:12+08:00 ] ::1 /zyblog/Admin/Login/checklog
INFO: [ app_init ] --START--
INFO: Run Behavior\BuildLiteBehavior [ RunTime:0.000000s ]
INFO: [ app_init ] --END-- [ RunTime:0.001000s ]
INFO: [ app_begin ] --START--
INFO: Run Behavior\ReadHtmlCacheBehavior [ RunTime:0.000000s ]
INFO: [ app_begin ] --END-- [ RunTime:0.000000s ]
ERR: 非法操作:checklog

[ 2016-07-20T21:29:23+08:00 ] ::1 /zyblog/Admin/Login/checklog
INFO: [ app_init ] --START--
INFO: Run Behavior\BuildLiteBehavior [ RunTime:0.000000s ]
INFO: [ app_init ] --END-- [ RunTime:0.001000s ]
INFO: [ app_begin ] --START--
INFO: Run Behavior\ReadHtmlCacheBehavior [ RunTime:0.001000s ]
INFO: [ app_begin ] --END-- [ RunTime:0.001000s ]
ERR: 非法操作:checklog

[ 2016-07-20T21:31:45+08:00 ] ::1 /zyblog/Admin/Login/login
INFO: [ app_init ] --START--
INFO: Run Behavior\BuildLiteBehavior [ RunTime:0.000000s ]
INFO: [ app_init ] --END-- [ RunTime:0.001000s ]
INFO: [ app_begin ] --START--
INFO: Run Behavior\ReadHtmlCacheBehavior [ RunTime:0.001000s ]
INFO: [ app_begin ] --END-- [ RunTime:0.001000s ]
INFO: [ view_parse ] --START--
INFO: [ template_filter ] --START--
INFO: Run Behavior\ContentReplaceBehavior [ RunTime:0.000000s ]
INFO: [ template_filter ] --END-- [ RunTime:0.001000s ]
INFO: Run Behavior\ParseTemplateBehavior [ RunTime:0.029002s ]
INFO: [ view_parse ] --END-- [ RunTime:0.029002s ]
INFO: [ view_filter ] --START--
INFO: Run Behavior\WriteHtmlCacheBehavior [ RunTime:0.001000s ]
INFO: [ view_filter ] --END-- [ RunTime:0.001000s ]
INFO: [ app_end ] --START--
INFO: Run Behavior\ShowPageTraceBehavior [ RunTime:0.000000s ]
INFO: [ app_end ] --END-- [ RunTime:0.000000s ]

[ 2016-07-20T21:31:55+08:00 ] ::1 /zyblog/Admin/Login/checklog
INFO: [ app_init ] --START--
INFO: Run Behavior\BuildLiteBehavior [ RunTime:0.000000s ]
INFO: [ app_init ] --END-- [ RunTime:0.001000s ]
INFO: [ app_begin ] --START--
INFO: Run Behavior\ReadHtmlCacheBehavior [ RunTime:0.001000s ]
INFO: [ app_begin ] --END-- [ RunTime:0.001000s ]
NOTIC: [8] Undefined index: pwd D:\www\zyblog\Application\Admin\Controller\LoginController.class.php 第 12 行.
SQL: SHOW COLUMNS FROM `vistors` [ RunTime:0.0080s ]
SQL: SELECT * FROM `vistors` WHERE ( name = 'xiaoxiao' ) LIMIT 1   [ RunTime:0.0140s ]
NOTIC: [8] Undefined index: pwd D:\www\zyblog\Application\Admin\Controller\LoginController.class.php 第 15 行.
INFO: [ view_parse ] --START--
INFO: [ template_filter ] --START--
INFO: Run Behavior\ContentReplaceBehavior [ RunTime:0.000000s ]
INFO: [ template_filter ] --END-- [ RunTime:0.000000s ]
INFO: Run Behavior\ParseTemplateBehavior [ RunTime:0.043002s ]
INFO: [ view_parse ] --END-- [ RunTime:0.043002s ]
INFO: [ view_filter ] --START--
INFO: Run Behavior\WriteHtmlCacheBehavior [ RunTime:0.000000s ]
INFO: [ view_filter ] --END-- [ RunTime:0.000000s ]
INFO: [ app_end ] --START--
INFO: Run Behavior\ShowPageTraceBehavior [ RunTime:0.000000s ]
INFO: [ app_end ] --END-- [ RunTime:0.000000s ]

[ 2016-07-20T21:31:56+08:00 ] ::1 /zyblog/index.php/Admin/Index/index
INFO: [ app_init ] --START--
INFO: Run Behavior\BuildLiteBehavior [ RunTime:0.000000s ]
INFO: [ app_init ] --END-- [ RunTime:0.001000s ]
INFO: [ app_begin ] --START--
INFO: Run Behavior\ReadHtmlCacheBehavior [ RunTime:0.000000s ]
INFO: [ app_begin ] --END-- [ RunTime:0.001000s ]
INFO: [ view_parse ] --START--
INFO: [ template_filter ] --START--
INFO: Run Behavior\ContentReplaceBehavior [ RunTime:0.000000s ]
INFO: [ template_filter ] --END-- [ RunTime:0.000000s ]
INFO: Run Behavior\ParseTemplateBehavior [ RunTime:0.011000s ]
INFO: [ view_parse ] --END-- [ RunTime:0.011000s ]
INFO: [ view_filter ] --START--
INFO: Run Behavior\WriteHtmlCacheBehavior [ RunTime:0.000000s ]
INFO: [ view_filter ] --END-- [ RunTime:0.000000s ]
INFO: [ app_end ] --START--
INFO: Run Behavior\ShowPageTraceBehavior [ RunTime:0.001000s ]
INFO: [ app_end ] --END-- [ RunTime:0.001000s ]

[ 2016-07-20T21:37:14+08:00 ] ::1 /zyblog/index.php/Admin/Comment/index.html
INFO: [ app_init ] --START--
INFO: Run Behavior\BuildLiteBehavior [ RunTime:0.000000s ]
INFO: [ app_init ] --END-- [ RunTime:0.000000s ]
INFO: [ app_begin ] --START--
INFO: Run Behavior\ReadHtmlCacheBehavior [ RunTime:0.001000s ]
INFO: [ app_begin ] --END-- [ RunTime:0.002001s ]
SQL: SHOW COLUMNS FROM `comment` [ RunTime:0.1340s ]
SQL: SELECT COUNT(*) AS tp_count FROM `comment` LIMIT 1   [ RunTime:0.0010s ]
NOTIC: [8] Undefined variable: where D:\www\zyblog\Application\Admin\Controller\CommentController.class.php 第 10 行.
SQL: SELECT * FROM `comment` ORDER BY id asc LIMIT 0,5   [ RunTime:0.0190s ]
INFO: [ view_parse ] --START--
INFO: [ template_filter ] --START--
INFO: Run Behavior\ContentReplaceBehavior [ RunTime:0.000000s ]
INFO: [ template_filter ] --END-- [ RunTime:0.000000s ]
INFO: Run Behavior\ParseTemplateBehavior [ RunTime:0.043003s ]
INFO: [ view_parse ] --END-- [ RunTime:0.043003s ]
INFO: [ view_filter ] --START--
INFO: Run Behavior\WriteHtmlCacheBehavior [ RunTime:0.001000s ]
INFO: [ view_filter ] --END-- [ RunTime:0.001000s ]
INFO: [ app_end ] --START--
INFO: Run Behavior\ShowPageTraceBehavior [ RunTime:0.002000s ]
INFO: [ app_end ] --END-- [ RunTime:0.002000s ]

[ 2016-07-20T21:41:38+08:00 ] ::1 /zyblog/index.php/Admin/Comment/index.html
INFO: [ app_init ] --START--
INFO: Run Behavior\BuildLiteBehavior [ RunTime:0.000000s ]
INFO: [ app_init ] --END-- [ RunTime:0.000000s ]
INFO: [ app_begin ] --START--
INFO: Run Behavior\ReadHtmlCacheBehavior [ RunTime:0.002000s ]
INFO: [ app_begin ] --END-- [ RunTime:0.002000s ]
SQL: SHOW COLUMNS FROM `comment` [ RunTime:0.0130s ]
SQL: SELECT COUNT(*) AS tp_count FROM `comment` LIMIT 1   [ RunTime:0.0000s ]
NOTIC: [8] Undefined variable: where D:\www\zyblog\Application\Admin\Controller\CommentController.class.php 第 10 行.
SQL: SELECT * FROM `comment` ORDER BY id asc LIMIT 0,5   [ RunTime:0.0010s ]
INFO: [ view_parse ] --START--
INFO: [ template_filter ] --START--
INFO: Run Behavior\ContentReplaceBehavior [ RunTime:0.000000s ]
INFO: [ template_filter ] --END-- [ RunTime:0.000000s ]
NOTIC: [8] Undefined index: name D:\www\zyblog\Application\Runtime\Cache\Admin\9422665904e471006147a1d12ed26ddc.php 第 93 行.
NOTIC: [8] Undefined index: name D:\www\zyblog\Application\Runtime\Cache\Admin\9422665904e471006147a1d12ed26ddc.php 第 95 行.
NOTIC: [8] Undefined index: audit D:\www\zyblog\Application\Runtime\Cache\Admin\9422665904e471006147a1d12ed26ddc.php 第 98 行.
NOTIC: [8] Undefined index: showtime D:\www\zyblog\Application\Runtime\Cache\Admin\9422665904e471006147a1d12ed26ddc.php 第 100 行.
NOTIC: [8] Undefined variable: nowPage D:\www\zyblog\Application\Runtime\Cache\Admin\9422665904e471006147a1d12ed26ddc.php 第 101 行.
NOTIC: [8] Undefined index: name D:\www\zyblog\Application\Runtime\Cache\Admin\9422665904e471006147a1d12ed26ddc.php 第 93 行.
NOTIC: [8] Undefined index: name D:\www\zyblog\Application\Runtime\Cache\Admin\9422665904e471006147a1d12ed26ddc.php 第 95 行.
NOTIC: [8] Undefined index: audit D:\www\zyblog\Application\Runtime\Cache\Admin\9422665904e471006147a1d12ed26ddc.php 第 98 行.
NOTIC: [8] Undefined index: showtime D:\www\zyblog\Application\Runtime\Cache\Admin\9422665904e471006147a1d12ed26ddc.php 第 100 行.
NOTIC: [8] Undefined variable: nowPage D:\www\zyblog\Application\Runtime\Cache\Admin\9422665904e471006147a1d12ed26ddc.php 第 101 行.
NOTIC: [8] Undefined index: name D:\www\zyblog\Application\Runtime\Cache\Admin\9422665904e471006147a1d12ed26ddc.php 第 93 行.
NOTIC: [8] Undefined index: name D:\www\zyblog\Application\Runtime\Cache\Admin\9422665904e471006147a1d12ed26ddc.php 第 95 行.
NOTIC: [8] Undefined index: audit D:\www\zyblog\Application\Runtime\Cache\Admin\9422665904e471006147a1d12ed26ddc.php 第 98 行.
NOTIC: [8] Undefined index: showtime D:\www\zyblog\Application\Runtime\Cache\Admin\9422665904e471006147a1d12ed26ddc.php 第 100 行.
NOTIC: [8] Undefined variable: nowPage D:\www\zyblog\Application\Runtime\Cache\Admin\9422665904e471006147a1d12ed26ddc.php 第 101 行.
NOTIC: [8] Undefined index: name D:\www\zyblog\Application\Runtime\Cache\Admin\9422665904e471006147a1d12ed26ddc.php 第 93 行.
NOTIC: [8] Undefined index: name D:\www\zyblog\Application\Runtime\Cache\Admin\9422665904e471006147a1d12ed26ddc.php 第 95 行.
NOTIC: [8] Undefined index: audit D:\www\zyblog\Application\Runtime\Cache\Admin\9422665904e471006147a1d12ed26ddc.php 第 98 行.
NOTIC: [8] Undefined index: showtime D:\www\zyblog\Application\Runtime\Cache\Admin\9422665904e471006147a1d12ed26ddc.php 第 100 行.
NOTIC: [8] Undefined variable: nowPage D:\www\zyblog\Application\Runtime\Cache\Admin\9422665904e471006147a1d12ed26ddc.php 第 101 行.
NOTIC: [8] Undefined index: name D:\www\zyblog\Application\Runtime\Cache\Admin\9422665904e471006147a1d12ed26ddc.php 第 93 行.
NOTIC: [8] Undefined index: name D:\www\zyblog\Application\Runtime\Cache\Admin\9422665904e471006147a1d12ed26ddc.php 第 95 行.
NOTIC: [8] Undefined index: audit D:\www\zyblog\Application\Runtime\Cache\Admin\9422665904e471006147a1d12ed26ddc.php 第 98 行.
NOTIC: [8] Undefined index: showtime D:\www\zyblog\Application\Runtime\Cache\Admin\9422665904e471006147a1d12ed26ddc.php 第 100 行.
NOTIC: [8] Undefined variable: nowPage D:\www\zyblog\Application\Runtime\Cache\Admin\9422665904e471006147a1d12ed26ddc.php 第 101 行.
INFO: Run Behavior\ParseTemplateBehavior [ RunTime:0.019001s ]
INFO: [ view_parse ] --END-- [ RunTime:0.020001s ]
INFO: [ view_filter ] --START--
INFO: Run Behavior\WriteHtmlCacheBehavior [ RunTime:0.000000s ]
INFO: [ view_filter ] --END-- [ RunTime:0.000000s ]
INFO: [ app_end ] --START--
INFO: Run Behavior\ShowPageTraceBehavior [ RunTime:0.001000s ]
INFO: [ app_end ] --END-- [ RunTime:0.001000s ]

[ 2016-07-20T21:41:44+08:00 ] ::1 /zyblog/index.php/Admin/Moodlist/index.html
INFO: [ app_init ] --START--
INFO: Run Behavior\BuildLiteBehavior [ RunTime:0.000000s ]
INFO: [ app_init ] --END-- [ RunTime:0.000000s ]
INFO: [ app_begin ] --START--
INFO: Run Behavior\ReadHtmlCacheBehavior [ RunTime:0.001000s ]
INFO: [ app_begin ] --END-- [ RunTime:0.001000s ]
INFO: [ view_parse ] --START--
INFO: [ template_filter ] --START--
INFO: Run Behavior\ContentReplaceBehavior [ RunTime:0.000000s ]
INFO: [ template_filter ] --END-- [ RunTime:0.000000s ]
INFO: Run Behavior\ParseTemplateBehavior [ RunTime:0.083005s ]
INFO: [ view_parse ] --END-- [ RunTime:0.083005s ]
INFO: [ view_filter ] --START--
INFO: Run Behavior\WriteHtmlCacheBehavior [ RunTime:0.001000s ]
INFO: [ view_filter ] --END-- [ RunTime:0.001000s ]
INFO: [ app_end ] --START--
INFO: Run Behavior\ShowPageTraceBehavior [ RunTime:0.001000s ]
INFO: [ app_end ] --END-- [ RunTime:0.001000s ]

[ 2016-07-20T21:41:49+08:00 ] ::1 /zyblog/index.php/Admin/Comment/index.html
INFO: [ app_init ] --START--
INFO: Run Behavior\BuildLiteBehavior [ RunTime:0.000000s ]
INFO: [ app_init ] --END-- [ RunTime:0.000000s ]
INFO: [ app_begin ] --START--
INFO: Run Behavior\ReadHtmlCacheBehavior [ RunTime:0.001000s ]
INFO: [ app_begin ] --END-- [ RunTime:0.001000s ]
SQL: SHOW COLUMNS FROM `comment` [ RunTime:0.0080s ]
SQL: SELECT COUNT(*) AS tp_count FROM `comment` LIMIT 1   [ RunTime:0.0000s ]
NOTIC: [8] Undefined variable: where D:\www\zyblog\Application\Admin\Controller\CommentController.class.php 第 10 行.
SQL: SELECT * FROM `comment` ORDER BY id asc LIMIT 0,5   [ RunTime:0.0010s ]
INFO: [ view_parse ] --START--
INFO: [ template_filter ] --START--
INFO: Run Behavior\ContentReplaceBehavior [ RunTime:0.000000s ]
INFO: [ template_filter ] --END-- [ RunTime:0.000000s ]
NOTIC: [8] Undefined index: name D:\www\zyblog\Application\Runtime\Cache\Admin\9422665904e471006147a1d12ed26ddc.php 第 93 行.
NOTIC: [8] Undefined index: name D:\www\zyblog\Application\Runtime\Cache\Admin\9422665904e471006147a1d12ed26ddc.php 第 95 行.
NOTIC: [8] Undefined index: audit D:\www\zyblog\Application\Runtime\Cache\Admin\9422665904e471006147a1d12ed26ddc.php 第 98 行.
NOTIC: [8] Undefined index: showtime D:\www\zyblog\Application\Runtime\Cache\Admin\9422665904e471006147a1d12ed26ddc.php 第 100 行.
NOTIC: [8] Undefined variable: nowPage D:\www\zyblog\Application\Runtime\Cache\Admin\9422665904e471006147a1d12ed26ddc.php 第 101 行.
NOTIC: [8] Undefined index: name D:\www\zyblog\Application\Runtime\Cache\Admin\9422665904e471006147a1d12ed26ddc.php 第 93 行.
NOTIC: [8] Undefined index: name D:\www\zyblog\Application\Runtime\Cache\Admin\9422665904e471006147a1d12ed26ddc.php 第 95 行.
NOTIC: [8] Undefined index: audit D:\www\zyblog\Application\Runtime\Cache\Admin\9422665904e471006147a1d12ed26ddc.php 第 98 行.
NOTIC: [8] Undefined index: showtime D:\www\zyblog\Application\Runtime\Cache\Admin\9422665904e471006147a1d12ed26ddc.php 第 100 行.
NOTIC: [8] Undefined variable: nowPage D:\www\zyblog\Application\Runtime\Cache\Admin\9422665904e471006147a1d12ed26ddc.php 第 101 行.
NOTIC: [8] Undefined index: name D:\www\zyblog\Application\Runtime\Cache\Admin\9422665904e471006147a1d12ed26ddc.php 第 93 行.
NOTIC: [8] Undefined index: name D:\www\zyblog\Application\Runtime\Cache\Admin\9422665904e471006147a1d12ed26ddc.php 第 95 行.
NOTIC: [8] Undefined index: audit D:\www\zyblog\Application\Runtime\Cache\Admin\9422665904e471006147a1d12ed26ddc.php 第 98 行.
NOTIC: [8] Undefined index: showtime D:\www\zyblog\Application\Runtime\Cache\Admin\9422665904e471006147a1d12ed26ddc.php 第 100 行.
NOTIC: [8] Undefined variable: nowPage D:\www\zyblog\Application\Runtime\Cache\Admin\9422665904e471006147a1d12ed26ddc.php 第 101 行.
NOTIC: [8] Undefined index: name D:\www\zyblog\Application\Runtime\Cache\Admin\9422665904e471006147a1d12ed26ddc.php 第 93 行.
NOTIC: [8] Undefined index: name D:\www\zyblog\Application\Runtime\Cache\Admin\9422665904e471006147a1d12ed26ddc.php 第 95 行.
NOTIC: [8] Undefined index: audit D:\www\zyblog\Application\Runtime\Cache\Admin\9422665904e471006147a1d12ed26ddc.php 第 98 行.
NOTIC: [8] Undefined index: showtime D:\www\zyblog\Application\Runtime\Cache\Admin\9422665904e471006147a1d12ed26ddc.php 第 100 行.
NOTIC: [8] Undefined variable: nowPage D:\www\zyblog\Application\Runtime\Cache\Admin\9422665904e471006147a1d12ed26ddc.php 第 101 行.
NOTIC: [8] Undefined index: name D:\www\zyblog\Application\Runtime\Cache\Admin\9422665904e471006147a1d12ed26ddc.php 第 93 行.
NOTIC: [8] Undefined index: name D:\www\zyblog\Application\Runtime\Cache\Admin\9422665904e471006147a1d12ed26ddc.php 第 95 行.
NOTIC: [8] Undefined index: audit D:\www\zyblog\Application\Runtime\Cache\Admin\9422665904e471006147a1d12ed26ddc.php 第 98 行.
NOTIC: [8] Undefined index: showtime D:\www\zyblog\Application\Runtime\Cache\Admin\9422665904e471006147a1d12ed26ddc.php 第 100 行.
NOTIC: [8] Undefined variable: nowPage D:\www\zyblog\Application\Runtime\Cache\Admin\9422665904e471006147a1d12ed26ddc.php 第 101 行.
INFO: Run Behavior\ParseTemplateBehavior [ RunTime:0.023001s ]
INFO: [ view_parse ] --END-- [ RunTime:0.023001s ]
INFO: [ view_filter ] --START--
INFO: Run Behavior\WriteHtmlCacheBehavior [ RunTime:0.000000s ]
INFO: [ view_filter ] --END-- [ RunTime:0.001001s ]
INFO: [ app_end ] --START--
INFO: Run Behavior\ShowPageTraceBehavior [ RunTime:0.001000s ]
INFO: [ app_end ] --END-- [ RunTime:0.001000s ]

[ 2016-07-20T21:42:02+08:00 ] ::1 /zyblog/index.php/Admin/Comment/prereply/id/1/p/
INFO: [ app_init ] --START--
INFO: Run Behavior\BuildLiteBehavior [ RunTime:0.000000s ]
INFO: [ app_init ] --END-- [ RunTime:0.001000s ]
INFO: [ app_begin ] --START--
INFO: Run Behavior\ReadHtmlCacheBehavior [ RunTime:0.001000s ]
INFO: [ app_begin ] --END-- [ RunTime:0.001000s ]
ERR: 非法操作:prereply

[ 2016-07-20T21:44:24+08:00 ] ::1 /zyblog/index.php/Admin/Comment/index.html
INFO: [ app_init ] --START--
INFO: Run Behavior\BuildLiteBehavior [ RunTime:0.000000s ]
INFO: [ app_init ] --END-- [ RunTime:0.001000s ]
INFO: [ app_begin ] --START--
INFO: Run Behavior\ReadHtmlCacheBehavior [ RunTime:0.001000s ]
INFO: [ app_begin ] --END-- [ RunTime:0.001000s ]
SQL: SHOW COLUMNS FROM `comment` [ RunTime:0.0050s ]
SQL: SELECT COUNT(*) AS tp_count FROM `comment` LIMIT 1   [ RunTime:0.0010s ]
NOTIC: [8] Undefined variable: where D:\www\zyblog\Application\Admin\Controller\CommentController.class.php 第 10 行.
SQL: SELECT * FROM `comment` ORDER BY id asc LIMIT 0,5   [ RunTime:0.0000s ]
INFO: [ view_parse ] --START--
INFO: [ template_filter ] --START--
INFO: Run Behavior\ContentReplaceBehavior [ RunTime:0.000000s ]
INFO: [ template_filter ] --END-- [ RunTime:0.000000s ]
NOTIC: [8] Undefined index: name D:\www\zyblog\Application\Runtime\Cache\Admin\9422665904e471006147a1d12ed26ddc.php 第 93 行.
NOTIC: [8] Undefined index: content D:\www\zyblog\Application\Runtime\Cache\Admin\9422665904e471006147a1d12ed26ddc.php 第 97 行.
NOTIC: [8] Undefined index: audit D:\www\zyblog\Application\Runtime\Cache\Admin\9422665904e471006147a1d12ed26ddc.php 第 99 行.
NOTIC: [8] Undefined index: showtime D:\www\zyblog\Application\Runtime\Cache\Admin\9422665904e471006147a1d12ed26ddc.php 第 101 行.
NOTIC: [8] Undefined variable: nowPage D:\www\zyblog\Application\Runtime\Cache\Admin\9422665904e471006147a1d12ed26ddc.php 第 102 行.
NOTIC: [8] Undefined index: name D:\www\zyblog\Application\Runtime\Cache\Admin\9422665904e471006147a1d12ed26ddc.php 第 93 行.
NOTIC: [8] Undefined index: content D:\www\zyblog\Application\Runtime\Cache\Admin\9422665904e471006147a1d12ed26ddc.php 第 97 行.
NOTIC: [8] Undefined index: audit D:\www\zyblog\Application\Runtime\Cache\Admin\9422665904e471006147a1d12ed26ddc.php 第 99 行.
NOTIC: [8] Undefined index: showtime D:\www\zyblog\Application\Runtime\Cache\Admin\9422665904e471006147a1d12ed26ddc.php 第 101 行.
NOTIC: [8] Undefined variable: nowPage D:\www\zyblog\Application\Runtime\Cache\Admin\9422665904e471006147a1d12ed26ddc.php 第 102 行.
NOTIC: [8] Undefined index: name D:\www\zyblog\Application\Runtime\Cache\Admin\9422665904e471006147a1d12ed26ddc.php 第 93 行.
NOTIC: [8] Undefined index: content D:\www\zyblog\Application\Runtime\Cache\Admin\9422665904e471006147a1d12ed26ddc.php 第 97 行.
NOTIC: [8] Undefined index: audit D:\www\zyblog\Application\Runtime\Cache\Admin\9422665904e471006147a1d12ed26ddc.php 第 99 行.
NOTIC: [8] Undefined index: showtime D:\www\zyblog\Application\Runtime\Cache\Admin\9422665904e471006147a1d12ed26ddc.php 第 101 行.
NOTIC: [8] Undefined variable: nowPage D:\www\zyblog\Application\Runtime\Cache\Admin\9422665904e471006147a1d12ed26ddc.php 第 102 行.
NOTIC: [8] Undefined index: name D:\www\zyblog\Application\Runtime\Cache\Admin\9422665904e471006147a1d12ed26ddc.php 第 93 行.
NOTIC: [8] Undefined index: content D:\www\zyblog\Application\Runtime\Cache\Admin\9422665904e471006147a1d12ed26ddc.php 第 97 行.
NOTIC: [8] Undefined index: audit D:\www\zyblog\Application\Runtime\Cache\Admin\9422665904e471006147a1d12ed26ddc.php 第 99 行.
NOTIC: [8] Undefined index: showtime D:\www\zyblog\Application\Runtime\Cache\Admin\9422665904e471006147a1d12ed26ddc.php 第 101 行.
NOTIC: [8] Undefined variable: nowPage D:\www\zyblog\Application\Runtime\Cache\Admin\9422665904e471006147a1d12ed26ddc.php 第 102 行.
NOTIC: [8] Undefined index: name D:\www\zyblog\Application\Runtime\Cache\Admin\9422665904e471006147a1d12ed26ddc.php 第 93 行.
NOTIC: [8] Undefined index: content D:\www\zyblog\Application\Runtime\Cache\Admin\9422665904e471006147a1d12ed26ddc.php 第 97 行.
NOTIC: [8] Undefined index: audit D:\www\zyblog\Application\Runtime\Cache\Admin\9422665904e471006147a1d12ed26ddc.php 第 99 行.
NOTIC: [8] Undefined index: showtime D:\www\zyblog\Application\Runtime\Cache\Admin\9422665904e471006147a1d12ed26ddc.php 第 101 行.
NOTIC: [8] Undefined variable: nowPage D:\www\zyblog\Application\Runtime\Cache\Admin\9422665904e471006147a1d12ed26ddc.php 第 102 行.
INFO: Run Behavior\ParseTemplateBehavior [ RunTime:0.012001s ]
INFO: [ view_parse ] --END-- [ RunTime:0.012001s ]
INFO: [ view_filter ] --START--
INFO: Run Behavior\WriteHtmlCacheBehavior [ RunTime:0.001000s ]
INFO: [ view_filter ] --END-- [ RunTime:0.001000s ]
INFO: [ app_end ] --START--
INFO: Run Behavior\ShowPageTraceBehavior [ RunTime:0.001000s ]
INFO: [ app_end ] --END-- [ RunTime:0.001000s ]

[ 2016-07-20T21:45:56+08:00 ] ::1 /zyblog/index.php/Admin/Comment/index.html
INFO: [ app_init ] --START--
INFO: Run Behavior\BuildLiteBehavior [ RunTime:0.000000s ]
INFO: [ app_init ] --END-- [ RunTime:0.001001s ]
INFO: [ app_begin ] --START--
INFO: Run Behavior\ReadHtmlCacheBehavior [ RunTime:0.001000s ]
INFO: [ app_begin ] --END-- [ RunTime:0.001000s ]
SQL: SHOW COLUMNS FROM `comment` [ RunTime:0.0090s ]
SQL: SELECT COUNT(*) AS tp_count FROM `comment` LIMIT 1   [ RunTime:0.0000s ]
NOTIC: [8] Undefined variable: where D:\www\zyblog\Application\Admin\Controller\CommentController.class.php 第 10 行.
SQL: SELECT * FROM `comment` ORDER BY id asc LIMIT 0,5   [ RunTime:0.0000s ]
INFO: [ view_parse ] --START--
INFO: [ template_filter ] --START--
INFO: Run Behavior\ContentReplaceBehavior [ RunTime:0.000000s ]
INFO: [ template_filter ] --END-- [ RunTime:0.000000s ]
NOTIC: [8] Undefined index: name D:\www\zyblog\Application\Runtime\Cache\Admin\9422665904e471006147a1d12ed26ddc.php 第 93 行.
NOTIC: [8] Undefined index: audit D:\www\zyblog\Application\Runtime\Cache\Admin\9422665904e471006147a1d12ed26ddc.php 第 98 行.
NOTIC: [8] Undefined index: showtime D:\www\zyblog\Application\Runtime\Cache\Admin\9422665904e471006147a1d12ed26ddc.php 第 100 行.
NOTIC: [8] Undefined variable: nowPage D:\www\zyblog\Application\Runtime\Cache\Admin\9422665904e471006147a1d12ed26ddc.php 第 101 行.
NOTIC: [8] Undefined index: name D:\www\zyblog\Application\Runtime\Cache\Admin\9422665904e471006147a1d12ed26ddc.php 第 93 行.
NOTIC: [8] Undefined index: audit D:\www\zyblog\Application\Runtime\Cache\Admin\9422665904e471006147a1d12ed26ddc.php 第 98 行.
NOTIC: [8] Undefined index: showtime D:\www\zyblog\Application\Runtime\Cache\Admin\9422665904e471006147a1d12ed26ddc.php 第 100 行.
NOTIC: [8] Undefined variable: nowPage D:\www\zyblog\Application\Runtime\Cache\Admin\9422665904e471006147a1d12ed26ddc.php 第 101 行.
NOTIC: [8] Undefined index: name D:\www\zyblog\Application\Runtime\Cache\Admin\9422665904e471006147a1d12ed26ddc.php 第 93 行.
NOTIC: [8] Undefined index: audit D:\www\zyblog\Application\Runtime\Cache\Admin\9422665904e471006147a1d12ed26ddc.php 第 98 行.
NOTIC: [8] Undefined index: showtime D:\www\zyblog\Application\Runtime\Cache\Admin\9422665904e471006147a1d12ed26ddc.php 第 100 行.
NOTIC: [8] Undefined variable: nowPage D:\www\zyblog\Application\Runtime\Cache\Admin\9422665904e471006147a1d12ed26ddc.php 第 101 行.
NOTIC: [8] Undefined index: name D:\www\zyblog\Application\Runtime\Cache\Admin\9422665904e471006147a1d12ed26ddc.php 第 93 行.
NOTIC: [8] Undefined index: audit D:\www\zyblog\Application\Runtime\Cache\Admin\9422665904e471006147a1d12ed26ddc.php 第 98 行.
NOTIC: [8] Undefined index: showtime D:\www\zyblog\Application\Runtime\Cache\Admin\9422665904e471006147a1d12ed26ddc.php 第 100 行.
NOTIC: [8] Undefined variable: nowPage D:\www\zyblog\Application\Runtime\Cache\Admin\9422665904e471006147a1d12ed26ddc.php 第 101 行.
NOTIC: [8] Undefined index: name D:\www\zyblog\Application\Runtime\Cache\Admin\9422665904e471006147a1d12ed26ddc.php 第 93 行.
NOTIC: [8] Undefined index: audit D:\www\zyblog\Application\Runtime\Cache\Admin\9422665904e471006147a1d12ed26ddc.php 第 98 行.
NOTIC: [8] Undefined index: showtime D:\www\zyblog\Application\Runtime\Cache\Admin\9422665904e471006147a1d12ed26ddc.php 第 100 行.
NOTIC: [8] Undefined variable: nowPage D:\www\zyblog\Application\Runtime\Cache\Admin\9422665904e471006147a1d12ed26ddc.php 第 101 行.
INFO: Run Behavior\ParseTemplateBehavior [ RunTime:0.020001s ]
INFO: [ view_parse ] --END-- [ RunTime:0.020001s ]
INFO: [ view_filter ] --START--
INFO: Run Behavior\WriteHtmlCacheBehavior [ RunTime:0.001000s ]
INFO: [ view_filter ] --END-- [ RunTime:0.001000s ]
INFO: [ app_end ] --START--
INFO: Run Behavior\ShowPageTraceBehavior [ RunTime:0.001000s ]
INFO: [ app_end ] --END-- [ RunTime:0.001000s ]

[ 2016-07-20T21:45:59+08:00 ] ::1 /zyblog/index.php/Admin/Comment/index.html
INFO: [ app_init ] --START--
INFO: Run Behavior\BuildLiteBehavior [ RunTime:0.000000s ]
INFO: [ app_init ] --END-- [ RunTime:0.000000s ]
INFO: [ app_begin ] --START--
INFO: Run Behavior\ReadHtmlCacheBehavior [ RunTime:0.001000s ]
INFO: [ app_begin ] --END-- [ RunTime:0.001000s ]
SQL: SHOW COLUMNS FROM `comment` [ RunTime:0.0090s ]
SQL: SELECT COUNT(*) AS tp_count FROM `comment` LIMIT 1   [ RunTime:0.0000s ]
NOTIC: [8] Undefined variable: where D:\www\zyblog\Application\Admin\Controller\CommentController.class.php 第 10 行.
SQL: SELECT * FROM `comment` ORDER BY id asc LIMIT 0,5   [ RunTime:0.0010s ]
INFO: [ view_parse ] --START--
INFO: [ template_filter ] --START--
INFO: Run Behavior\ContentReplaceBehavior [ RunTime:0.000000s ]
INFO: [ template_filter ] --END-- [ RunTime:0.000000s ]
NOTIC: [8] Undefined index: name D:\www\zyblog\Application\Runtime\Cache\Admin\9422665904e471006147a1d12ed26ddc.php 第 93 行.
NOTIC: [8] Undefined index: audit D:\www\zyblog\Application\Runtime\Cache\Admin\9422665904e471006147a1d12ed26ddc.php 第 98 行.
NOTIC: [8] Undefined index: showtime D:\www\zyblog\Application\Runtime\Cache\Admin\9422665904e471006147a1d12ed26ddc.php 第 100 行.
NOTIC: [8] Undefined variable: nowPage D:\www\zyblog\Application\Runtime\Cache\Admin\9422665904e471006147a1d12ed26ddc.php 第 101 行.
NOTIC: [8] Undefined index: name D:\www\zyblog\Application\Runtime\Cache\Admin\9422665904e471006147a1d12ed26ddc.php 第 93 行.
NOTIC: [8] Undefined index: audit D:\www\zyblog\Application\Runtime\Cache\Admin\9422665904e471006147a1d12ed26ddc.php 第 98 行.
NOTIC: [8] Undefined index: showtime D:\www\zyblog\Application\Runtime\Cache\Admin\9422665904e471006147a1d12ed26ddc.php 第 100 行.
NOTIC: [8] Undefined variable: nowPage D:\www\zyblog\Application\Runtime\Cache\Admin\9422665904e471006147a1d12ed26ddc.php 第 101 行.
NOTIC: [8] Undefined index: name D:\www\zyblog\Application\Runtime\Cache\Admin\9422665904e471006147a1d12ed26ddc.php 第 93 行.
NOTIC: [8] Undefined index: audit D:\www\zyblog\Application\Runtime\Cache\Admin\9422665904e471006147a1d12ed26ddc.php 第 98 行.
NOTIC: [8] Undefined index: showtime D:\www\zyblog\Application\Runtime\Cache\Admin\9422665904e471006147a1d12ed26ddc.php 第 100 行.
NOTIC: [8] Undefined variable: nowPage D:\www\zyblog\Application\Runtime\Cache\Admin\9422665904e471006147a1d12ed26ddc.php 第 101 行.
NOTIC: [8] Undefined index: name D:\www\zyblog\Application\Runtime\Cache\Admin\9422665904e471006147a1d12ed26ddc.php 第 93 行.
NOTIC: [8] Undefined index: audit D:\www\zyblog\Application\Runtime\Cache\Admin\9422665904e471006147a1d12ed26ddc.php 第 98 行.
NOTIC: [8] Undefined index: showtime D:\www\zyblog\Application\Runtime\Cache\Admin\9422665904e471006147a1d12ed26ddc.php 第 100 行.
NOTIC: [8] Undefined variable: nowPage D:\www\zyblog\Application\Runtime\Cache\Admin\9422665904e471006147a1d12ed26ddc.php 第 101 行.
NOTIC: [8] Undefined index: name D:\www\zyblog\Application\Runtime\Cache\Admin\9422665904e471006147a1d12ed26ddc.php 第 93 行.
NOTIC: [8] Undefined index: audit D:\www\zyblog\Application\Runtime\Cache\Admin\9422665904e471006147a1d12ed26ddc.php 第 98 行.
NOTIC: [8] Undefined index: showtime D:\www\zyblog\Application\Runtime\Cache\Admin\9422665904e471006147a1d12ed26ddc.php 第 100 行.
NOTIC: [8] Undefined variable: nowPage D:\www\zyblog\Application\Runtime\Cache\Admin\9422665904e471006147a1d12ed26ddc.php 第 101 行.
INFO: Run Behavior\ParseTemplateBehavior [ RunTime:0.017001s ]
INFO: [ view_parse ] --END-- [ RunTime:0.017001s ]
INFO: [ view_filter ] --START--
INFO: Run Behavior\WriteHtmlCacheBehavior [ RunTime:0.000000s ]
INFO: [ view_filter ] --END-- [ RunTime:0.000000s ]
INFO: [ app_end ] --START--
INFO: Run Behavior\ShowPageTraceBehavior [ RunTime:0.001000s ]
INFO: [ app_end ] --END-- [ RunTime:0.001000s ]

[ 2016-07-20T21:46:46+08:00 ] ::1 /zyblog/index.php/Admin/Comment/index.html
INFO: [ app_init ] --START--
INFO: Run Behavior\BuildLiteBehavior [ RunTime:0.000000s ]
INFO: [ app_init ] --END-- [ RunTime:0.000000s ]
INFO: [ app_begin ] --START--
INFO: Run Behavior\ReadHtmlCacheBehavior [ RunTime:0.001000s ]
INFO: [ app_begin ] --END-- [ RunTime:0.001000s ]
SQL: SHOW COLUMNS FROM `comment` [ RunTime:0.0130s ]
SQL: SELECT COUNT(*) AS tp_count FROM `comment` LIMIT 1   [ RunTime:0.0010s ]
NOTIC: [8] Undefined variable: where D:\www\zyblog\Application\Admin\Controller\CommentController.class.php 第 10 行.
SQL: SELECT * FROM `comment` ORDER BY id asc LIMIT 0,5   [ RunTime:0.0010s ]
INFO: [ view_parse ] --START--
INFO: [ template_filter ] --START--
INFO: Run Behavior\ContentReplaceBehavior [ RunTime:0.001000s ]
INFO: [ template_filter ] --END-- [ RunTime:0.001000s ]
NOTIC: [8] Undefined index: name D:\www\zyblog\Application\Runtime\Cache\Admin\9422665904e471006147a1d12ed26ddc.php 第 93 行.
NOTIC: [8] Undefined index: audit D:\www\zyblog\Application\Runtime\Cache\Admin\9422665904e471006147a1d12ed26ddc.php 第 98 行.
NOTIC: [8] Undefined index: showtime D:\www\zyblog\Application\Runtime\Cache\Admin\9422665904e471006147a1d12ed26ddc.php 第 100 行.
NOTIC: [8] Undefined variable: nowPage D:\www\zyblog\Application\Runtime\Cache\Admin\9422665904e471006147a1d12ed26ddc.php 第 101 行.
NOTIC: [8] Undefined index: name D:\www\zyblog\Application\Runtime\Cache\Admin\9422665904e471006147a1d12ed26ddc.php 第 93 行.
NOTIC: [8] Undefined index: audit D:\www\zyblog\Application\Runtime\Cache\Admin\9422665904e471006147a1d12ed26ddc.php 第 98 行.
NOTIC: [8] Undefined index: showtime D:\www\zyblog\Application\Runtime\Cache\Admin\9422665904e471006147a1d12ed26ddc.php 第 100 行.
NOTIC: [8] Undefined variable: nowPage D:\www\zyblog\Application\Runtime\Cache\Admin\9422665904e471006147a1d12ed26ddc.php 第 101 行.
NOTIC: [8] Undefined index: name D:\www\zyblog\Application\Runtime\Cache\Admin\9422665904e471006147a1d12ed26ddc.php 第 93 行.
NOTIC: [8] Undefined index: audit D:\www\zyblog\Application\Runtime\Cache\Admin\9422665904e471006147a1d12ed26ddc.php 第 98 行.
NOTIC: [8] Undefined index: showtime D:\www\zyblog\Application\Runtime\Cache\Admin\9422665904e471006147a1d12ed26ddc.php 第 100 行.
NOTIC: [8] Undefined variable: nowPage D:\www\zyblog\Application\Runtime\Cache\Admin\9422665904e471006147a1d12ed26ddc.php 第 101 行.
NOTIC: [8] Undefined index: name D:\www\zyblog\Application\Runtime\Cache\Admin\9422665904e471006147a1d12ed26ddc.php 第 93 行.
NOTIC: [8] Undefined index: audit D:\www\zyblog\Application\Runtime\Cache\Admin\9422665904e471006147a1d12ed26ddc.php 第 98 行.
NOTIC: [8] Undefined index: showtime D:\www\zyblog\Application\Runtime\Cache\Admin\9422665904e471006147a1d12ed26ddc.php 第 100 行.
NOTIC: [8] Undefined variable: nowPage D:\www\zyblog\Application\Runtime\Cache\Admin\9422665904e471006147a1d12ed26ddc.php 第 101 行.
NOTIC: [8] Undefined index: name D:\www\zyblog\Application\Runtime\Cache\Admin\9422665904e471006147a1d12ed26ddc.php 第 93 行.
NOTIC: [8] Undefined index: audit D:\www\zyblog\Application\Runtime\Cache\Admin\9422665904e471006147a1d12ed26ddc.php 第 98 行.
NOTIC: [8] Undefined index: showtime D:\www\zyblog\Application\Runtime\Cache\Admin\9422665904e471006147a1d12ed26ddc.php 第 100 行.
NOTIC: [8] Undefined variable: nowPage D:\www\zyblog\Application\Runtime\Cache\Admin\9422665904e471006147a1d12ed26ddc.php 第 101 行.
INFO: Run Behavior\ParseTemplateBehavior [ RunTime:0.026001s ]
INFO: [ view_parse ] --END-- [ RunTime:0.027001s ]
INFO: [ view_filter ] --START--
INFO: Run Behavior\WriteHtmlCacheBehavior [ RunTime:0.001000s ]
INFO: [ view_filter ] --END-- [ RunTime:0.001000s ]
INFO: [ app_end ] --START--
INFO: Run Behavior\ShowPageTraceBehavior [ RunTime:0.001000s ]
INFO: [ app_end ] --END-- [ RunTime:0.001000s ]

[ 2016-07-20T21:47:03+08:00 ] ::1 /zyblog/index.php/Admin/Comment/index.html
INFO: [ app_init ] --START--
INFO: Run Behavior\BuildLiteBehavior [ RunTime:0.000000s ]
INFO: [ app_init ] --END-- [ RunTime:0.001000s ]
INFO: [ app_begin ] --START--
INFO: Run Behavior\ReadHtmlCacheBehavior [ RunTime:0.000000s ]
INFO: [ app_begin ] --END-- [ RunTime:0.000000s ]
SQL: SHOW COLUMNS FROM `comment` [ RunTime:0.0190s ]
SQL: SELECT COUNT(*) AS tp_count FROM `comment` LIMIT 1   [ RunTime:0.0010s ]
NOTIC: [8] Undefined variable: where D:\www\zyblog\Application\Admin\Controller\CommentController.class.php 第 10 行.
SQL: SELECT * FROM `comment` ORDER BY id asc LIMIT 0,5   [ RunTime:0.0010s ]
INFO: [ view_parse ] --START--
INFO: [ template_filter ] --START--
INFO: Run Behavior\ContentReplaceBehavior [ RunTime:0.001000s ]
INFO: [ template_filter ] --END-- [ RunTime:0.001000s ]
NOTIC: [8] Undefined index: name D:\www\zyblog\Application\Runtime\Cache\Admin\9422665904e471006147a1d12ed26ddc.php 第 93 行.
NOTIC: [8] Undefined index: audit D:\www\zyblog\Application\Runtime\Cache\Admin\9422665904e471006147a1d12ed26ddc.php 第 98 行.
NOTIC: [8] Undefined variable: nowPage D:\www\zyblog\Application\Runtime\Cache\Admin\9422665904e471006147a1d12ed26ddc.php 第 101 行.
NOTIC: [8] Undefined index: name D:\www\zyblog\Application\Runtime\Cache\Admin\9422665904e471006147a1d12ed26ddc.php 第 93 行.
NOTIC: [8] Undefined index: audit D:\www\zyblog\Application\Runtime\Cache\Admin\9422665904e471006147a1d12ed26ddc.php 第 98 行.
NOTIC: [8] Undefined variable: nowPage D:\www\zyblog\Application\Runtime\Cache\Admin\9422665904e471006147a1d12ed26ddc.php 第 101 行.
NOTIC: [8] Undefined index: name D:\www\zyblog\Application\Runtime\Cache\Admin\9422665904e471006147a1d12ed26ddc.php 第 93 行.
NOTIC: [8] Undefined index: audit D:\www\zyblog\Application\Runtime\Cache\Admin\9422665904e471006147a1d12ed26ddc.php 第 98 行.
NOTIC: [8] Undefined variable: nowPage D:\www\zyblog\Application\Runtime\Cache\Admin\9422665904e471006147a1d12ed26ddc.php 第 101 行.
NOTIC: [8] Undefined index: name D:\www\zyblog\Application\Runtime\Cache\Admin\9422665904e471006147a1d12ed26ddc.php 第 93 行.
NOTIC: [8] Undefined index: audit D:\www\zyblog\Application\Runtime\Cache\Admin\9422665904e471006147a1d12ed26ddc.php 第 98 行.
NOTIC: [8] Undefined variable: nowPage D:\www\zyblog\Application\Runtime\Cache\Admin\9422665904e471006147a1d12ed26ddc.php 第 101 行.
NOTIC: [8] Undefined index: name D:\www\zyblog\Application\Runtime\Cache\Admin\9422665904e471006147a1d12ed26ddc.php 第 93 行.
NOTIC: [8] Undefined index: audit D:\www\zyblog\Application\Runtime\Cache\Admin\9422665904e471006147a1d12ed26ddc.php 第 98 行.
NOTIC: [8] Undefined variable: nowPage D:\www\zyblog\Application\Runtime\Cache\Admin\9422665904e471006147a1d12ed26ddc.php 第 101 行.
INFO: Run Behavior\ParseTemplateBehavior [ RunTime:0.019001s ]
INFO: [ view_parse ] --END-- [ RunTime:0.020001s ]
INFO: [ view_filter ] --START--
INFO: Run Behavior\WriteHtmlCacheBehavior [ RunTime:0.000000s ]
INFO: [ view_filter ] --END-- [ RunTime:0.000000s ]
INFO: [ app_end ] --START--
INFO: Run Behavior\ShowPageTraceBehavior [ RunTime:0.001000s ]
INFO: [ app_end ] --END-- [ RunTime:0.001000s ]

[ 2016-07-20T21:47:31+08:00 ] ::1 /zyblog/index.php/Admin/Comment/index.html
INFO: [ app_init ] --START--
INFO: Run Behavior\BuildLiteBehavior [ RunTime:0.000000s ]
INFO: [ app_init ] --END-- [ RunTime:0.000000s ]
INFO: [ app_begin ] --START--
INFO: Run Behavior\ReadHtmlCacheBehavior [ RunTime:0.000000s ]
INFO: [ app_begin ] --END-- [ RunTime:0.000000s ]
SQL: SHOW COLUMNS FROM `comment` [ RunTime:0.0090s ]
SQL: SELECT COUNT(*) AS tp_count FROM `comment` LIMIT 1   [ RunTime:0.0010s ]
NOTIC: [8] Undefined variable: where D:\www\zyblog\Application\Admin\Controller\CommentController.class.php 第 10 行.
SQL: SELECT * FROM `comment` ORDER BY id asc LIMIT 0,5   [ RunTime:0.0010s ]
INFO: [ view_parse ] --START--
INFO: [ template_filter ] --START--
INFO: Run Behavior\ContentReplaceBehavior [ RunTime:0.000000s ]
INFO: [ template_filter ] --END-- [ RunTime:0.000000s ]
NOTIC: [8] Undefined index: name D:\www\zyblog\Application\Runtime\Cache\Admin\9422665904e471006147a1d12ed26ddc.php 第 93 行.
NOTIC: [8] Undefined index: audit D:\www\zyblog\Application\Runtime\Cache\Admin\9422665904e471006147a1d12ed26ddc.php 第 98 行.
NOTIC: [8] Undefined variable: nowPage D:\www\zyblog\Application\Runtime\Cache\Admin\9422665904e471006147a1d12ed26ddc.php 第 101 行.
NOTIC: [8] Undefined index: name D:\www\zyblog\Application\Runtime\Cache\Admin\9422665904e471006147a1d12ed26ddc.php 第 93 行.
NOTIC: [8] Undefined index: audit D:\www\zyblog\Application\Runtime\Cache\Admin\9422665904e471006147a1d12ed26ddc.php 第 98 行.
NOTIC: [8] Undefined variable: nowPage D:\www\zyblog\Application\Runtime\Cache\Admin\9422665904e471006147a1d12ed26ddc.php 第 101 行.
NOTIC: [8] Undefined index: name D:\www\zyblog\Application\Runtime\Cache\Admin\9422665904e471006147a1d12ed26ddc.php 第 93 行.
NOTIC: [8] Undefined index: audit D:\www\zyblog\Application\Runtime\Cache\Admin\9422665904e471006147a1d12ed26ddc.php 第 98 行.
NOTIC: [8] Undefined variable: nowPage D:\www\zyblog\Application\Runtime\Cache\Admin\9422665904e471006147a1d12ed26ddc.php 第 101 行.
NOTIC: [8] Undefined index: name D:\www\zyblog\Application\Runtime\Cache\Admin\9422665904e471006147a1d12ed26ddc.php 第 93 行.
NOTIC: [8] Undefined index: audit D:\www\zyblog\Application\Runtime\Cache\Admin\9422665904e471006147a1d12ed26ddc.php 第 98 行.
NOTIC: [8] Undefined variable: nowPage D:\www\zyblog\Application\Runtime\Cache\Admin\9422665904e471006147a1d12ed26ddc.php 第 101 行.
NOTIC: [8] Undefined index: name D:\www\zyblog\Application\Runtime\Cache\Admin\9422665904e471006147a1d12ed26ddc.php 第 93 行.
NOTIC: [8] Undefined index: audit D:\www\zyblog\Application\Runtime\Cache\Admin\9422665904e471006147a1d12ed26ddc.php 第 98 行.
NOTIC: [8] Undefined variable: nowPage D:\www\zyblog\Application\Runtime\Cache\Admin\9422665904e471006147a1d12ed26ddc.php 第 101 行.
INFO: Run Behavior\ParseTemplateBehavior [ RunTime:0.014001s ]
INFO: [ view_parse ] --END-- [ RunTime:0.014001s ]
INFO: [ view_filter ] --START--
INFO: Run Behavior\WriteHtmlCacheBehavior [ RunTime:0.001000s ]
INFO: [ view_filter ] --END-- [ RunTime:0.001000s ]
INFO: [ app_end ] --START--
INFO: Run Behavior\ShowPageTraceBehavior [ RunTime:0.001000s ]
INFO: [ app_end ] --END-- [ RunTime:0.001000s ]

[ 2016-07-20T21:47:43+08:00 ] ::1 /zyblog/index.php/Admin/Comment/index.html
INFO: [ app_init ] --START--
INFO: Run Behavior\BuildLiteBehavior [ RunTime:0.000000s ]
INFO: [ app_init ] --END-- [ RunTime:0.000000s ]
INFO: [ app_begin ] --START--
INFO: Run Behavior\ReadHtmlCacheBehavior [ RunTime:0.001000s ]
INFO: [ app_begin ] --END-- [ RunTime:0.001000s ]
SQL: SHOW COLUMNS FROM `comment` [ RunTime:0.0080s ]
SQL: SELECT COUNT(*) AS tp_count FROM `comment` LIMIT 1   [ RunTime:0.0010s ]
NOTIC: [8] Undefined variable: where D:\www\zyblog\Application\Admin\Controller\CommentController.class.php 第 10 行.
SQL: SELECT * FROM `comment` ORDER BY id asc LIMIT 0,5   [ RunTime:0.0000s ]
INFO: [ view_parse ] --START--
INFO: [ template_filter ] --START--
INFO: Run Behavior\ContentReplaceBehavior [ RunTime:0.000000s ]
INFO: [ template_filter ] --END-- [ RunTime:0.000000s ]
NOTIC: [8] Undefined index: name D:\www\zyblog\Application\Runtime\Cache\Admin\9422665904e471006147a1d12ed26ddc.php 第 93 行.
NOTIC: [8] Undefined index: audit D:\www\zyblog\Application\Runtime\Cache\Admin\9422665904e471006147a1d12ed26ddc.php 第 98 行.
NOTIC: [8] Undefined variable: nowPage D:\www\zyblog\Application\Runtime\Cache\Admin\9422665904e471006147a1d12ed26ddc.php 第 101 行.
NOTIC: [8] Undefined index: name D:\www\zyblog\Application\Runtime\Cache\Admin\9422665904e471006147a1d12ed26ddc.php 第 93 行.
NOTIC: [8] Undefined index: audit D:\www\zyblog\Application\Runtime\Cache\Admin\9422665904e471006147a1d12ed26ddc.php 第 98 行.
NOTIC: [8] Undefined variable: nowPage D:\www\zyblog\Application\Runtime\Cache\Admin\9422665904e471006147a1d12ed26ddc.php 第 101 行.
NOTIC: [8] Undefined index: name D:\www\zyblog\Application\Runtime\Cache\Admin\9422665904e471006147a1d12ed26ddc.php 第 93 行.
NOTIC: [8] Undefined index: audit D:\www\zyblog\Application\Runtime\Cache\Admin\9422665904e471006147a1d12ed26ddc.php 第 98 行.
NOTIC: [8] Undefined variable: nowPage D:\www\zyblog\Application\Runtime\Cache\Admin\9422665904e471006147a1d12ed26ddc.php 第 101 行.
NOTIC: [8] Undefined index: name D:\www\zyblog\Application\Runtime\Cache\Admin\9422665904e471006147a1d12ed26ddc.php 第 93 行.
NOTIC: [8] Undefined index: audit D:\www\zyblog\Application\Runtime\Cache\Admin\9422665904e471006147a1d12ed26ddc.php 第 98 行.
NOTIC: [8] Undefined variable: nowPage D:\www\zyblog\Application\Runtime\Cache\Admin\9422665904e471006147a1d12ed26ddc.php 第 101 行.
NOTIC: [8] Undefined index: name D:\www\zyblog\Application\Runtime\Cache\Admin\9422665904e471006147a1d12ed26ddc.php 第 93 行.
NOTIC: [8] Undefined index: audit D:\www\zyblog\Application\Runtime\Cache\Admin\9422665904e471006147a1d12ed26ddc.php 第 98 行.
NOTIC: [8] Undefined variable: nowPage D:\www\zyblog\Application\Runtime\Cache\Admin\9422665904e471006147a1d12ed26ddc.php 第 101 行.
INFO: Run Behavior\ParseTemplateBehavior [ RunTime:0.019001s ]
INFO: [ view_parse ] --END-- [ RunTime:0.019001s ]
INFO: [ view_filter ] --START--
INFO: Run Behavior\WriteHtmlCacheBehavior [ RunTime:0.001000s ]
INFO: [ view_filter ] --END-- [ RunTime:0.001000s ]
INFO: [ app_end ] --START--
INFO: Run Behavior\ShowPageTraceBehavior [ RunTime:0.001000s ]
INFO: [ app_end ] --END-- [ RunTime:0.002000s ]

[ 2016-07-20T21:48:21+08:00 ] ::1 /zyblog/index.php/Admin/Comment/index.html
INFO: [ app_init ] --START--
INFO: Run Behavior\BuildLiteBehavior [ RunTime:0.000000s ]
INFO: [ app_init ] --END-- [ RunTime:0.000000s ]
INFO: [ app_begin ] --START--
INFO: Run Behavior\ReadHtmlCacheBehavior [ RunTime:0.001000s ]
INFO: [ app_begin ] --END-- [ RunTime:0.001000s ]
SQL: SHOW COLUMNS FROM `comment` [ RunTime:0.0080s ]
SQL: SELECT COUNT(*) AS tp_count FROM `comment` LIMIT 1   [ RunTime:0.0010s ]
NOTIC: [8] Undefined variable: where D:\www\zyblog\Application\Admin\Controller\CommentController.class.php 第 10 行.
SQL: SELECT * FROM `comment` ORDER BY id asc LIMIT 0,5   [ RunTime:0.0000s ]
INFO: [ view_parse ] --START--
INFO: [ template_filter ] --START--
INFO: Run Behavior\ContentReplaceBehavior [ RunTime:0.000000s ]
INFO: [ template_filter ] --END-- [ RunTime:0.000000s ]
NOTIC: [8] Undefined index: name D:\www\zyblog\Application\Runtime\Cache\Admin\9422665904e471006147a1d12ed26ddc.php 第 91 行.
NOTIC: [8] Undefined index: audit D:\www\zyblog\Application\Runtime\Cache\Admin\9422665904e471006147a1d12ed26ddc.php 第 96 行.
NOTIC: [8] Undefined variable: nowPage D:\www\zyblog\Application\Runtime\Cache\Admin\9422665904e471006147a1d12ed26ddc.php 第 99 行.
NOTIC: [8] Undefined index: name D:\www\zyblog\Application\Runtime\Cache\Admin\9422665904e471006147a1d12ed26ddc.php 第 91 行.
NOTIC: [8] Undefined index: audit D:\www\zyblog\Application\Runtime\Cache\Admin\9422665904e471006147a1d12ed26ddc.php 第 96 行.
NOTIC: [8] Undefined variable: nowPage D:\www\zyblog\Application\Runtime\Cache\Admin\9422665904e471006147a1d12ed26ddc.php 第 99 行.
NOTIC: [8] Undefined index: name D:\www\zyblog\Application\Runtime\Cache\Admin\9422665904e471006147a1d12ed26ddc.php 第 91 行.
NOTIC: [8] Undefined index: audit D:\www\zyblog\Application\Runtime\Cache\Admin\9422665904e471006147a1d12ed26ddc.php 第 96 行.
NOTIC: [8] Undefined variable: nowPage D:\www\zyblog\Application\Runtime\Cache\Admin\9422665904e471006147a1d12ed26ddc.php 第 99 行.
NOTIC: [8] Undefined index: name D:\www\zyblog\Application\Runtime\Cache\Admin\9422665904e471006147a1d12ed26ddc.php 第 91 行.
NOTIC: [8] Undefined index: audit D:\www\zyblog\Application\Runtime\Cache\Admin\9422665904e471006147a1d12ed26ddc.php 第 96 行.
NOTIC: [8] Undefined variable: nowPage D:\www\zyblog\Application\Runtime\Cache\Admin\9422665904e471006147a1d12ed26ddc.php 第 99 行.
NOTIC: [8] Undefined index: name D:\www\zyblog\Application\Runtime\Cache\Admin\9422665904e471006147a1d12ed26ddc.php 第 91 行.
NOTIC: [8] Undefined index: audit D:\www\zyblog\Application\Runtime\Cache\Admin\9422665904e471006147a1d12ed26ddc.php 第 96 行.
NOTIC: [8] Undefined variable: nowPage D:\www\zyblog\Application\Runtime\Cache\Admin\9422665904e471006147a1d12ed26ddc.php 第 99 行.
INFO: Run Behavior\ParseTemplateBehavior [ RunTime:0.019001s ]
INFO: [ view_parse ] --END-- [ RunTime:0.019001s ]
INFO: [ view_filter ] --START--
INFO: Run Behavior\WriteHtmlCacheBehavior [ RunTime:0.000000s ]
INFO: [ view_filter ] --END-- [ RunTime:0.000000s ]
INFO: [ app_end ] --START--
INFO: Run Behavior\ShowPageTraceBehavior [ RunTime:0.001000s ]
INFO: [ app_end ] --END-- [ RunTime:0.001000s ]

[ 2016-07-20T21:52:32+08:00 ] ::1 /zyblog/index.php/Admin/Comment/index.html
INFO: [ app_init ] --START--
INFO: Run Behavior\BuildLiteBehavior [ RunTime:0.000000s ]
INFO: [ app_init ] --END-- [ RunTime:0.001000s ]
INFO: [ app_begin ] --START--
INFO: Run Behavior\ReadHtmlCacheBehavior [ RunTime:0.001000s ]
INFO: [ app_begin ] --END-- [ RunTime:0.001000s ]
SQL: SHOW COLUMNS FROM `comment` [ RunTime:0.0050s ]
SQL: SELECT COUNT(*) AS tp_count FROM `comment` LIMIT 1   [ RunTime:0.0010s ]
NOTIC: [8] Undefined variable: where D:\www\zyblog\Application\Admin\Controller\CommentController.class.php 第 10 行.
SQL: SELECT * FROM `comment` ORDER BY id asc LIMIT 0,5   [ RunTime:0.0000s ]
INFO: [ view_parse ] --START--
INFO: [ template_filter ] --START--
INFO: Run Behavior\ContentReplaceBehavior [ RunTime:0.000000s ]
INFO: [ template_filter ] --END-- [ RunTime:0.001000s ]
NOTIC: [8] Undefined index: name D:\www\zyblog\Application\Runtime\Cache\Admin\9422665904e471006147a1d12ed26ddc.php 第 93 行.
NOTIC: [8] Undefined index: audit D:\www\zyblog\Application\Runtime\Cache\Admin\9422665904e471006147a1d12ed26ddc.php 第 98 行.
NOTIC: [8] Undefined variable: nowPage D:\www\zyblog\Application\Runtime\Cache\Admin\9422665904e471006147a1d12ed26ddc.php 第 101 行.
NOTIC: [8] Undefined index: name D:\www\zyblog\Application\Runtime\Cache\Admin\9422665904e471006147a1d12ed26ddc.php 第 93 行.
NOTIC: [8] Undefined index: audit D:\www\zyblog\Application\Runtime\Cache\Admin\9422665904e471006147a1d12ed26ddc.php 第 98 行.
NOTIC: [8] Undefined variable: nowPage D:\www\zyblog\Application\Runtime\Cache\Admin\9422665904e471006147a1d12ed26ddc.php 第 101 行.
NOTIC: [8] Undefined index: name D:\www\zyblog\Application\Runtime\Cache\Admin\9422665904e471006147a1d12ed26ddc.php 第 93 行.
NOTIC: [8] Undefined index: audit D:\www\zyblog\Application\Runtime\Cache\Admin\9422665904e471006147a1d12ed26ddc.php 第 98 行.
NOTIC: [8] Undefined variable: nowPage D:\www\zyblog\Application\Runtime\Cache\Admin\9422665904e471006147a1d12ed26ddc.php 第 101 行.
NOTIC: [8] Undefined index: name D:\www\zyblog\Application\Runtime\Cache\Admin\9422665904e471006147a1d12ed26ddc.php 第 93 行.
NOTIC: [8] Undefined index: audit D:\www\zyblog\Application\Runtime\Cache\Admin\9422665904e471006147a1d12ed26ddc.php 第 98 行.
NOTIC: [8] Undefined variable: nowPage D:\www\zyblog\Application\Runtime\Cache\Admin\9422665904e471006147a1d12ed26ddc.php 第 101 行.
NOTIC: [8] Undefined index: name D:\www\zyblog\Application\Runtime\Cache\Admin\9422665904e471006147a1d12ed26ddc.php 第 93 行.
NOTIC: [8] Undefined index: audit D:\www\zyblog\Application\Runtime\Cache\Admin\9422665904e471006147a1d12ed26ddc.php 第 98 行.
NOTIC: [8] Undefined variable: nowPage D:\www\zyblog\Application\Runtime\Cache\Admin\9422665904e471006147a1d12ed26ddc.php 第 101 行.
INFO: Run Behavior\ParseTemplateBehavior [ RunTime:0.012001s ]
INFO: [ view_parse ] --END-- [ RunTime:0.012001s ]
INFO: [ view_filter ] --START--
INFO: Run Behavior\WriteHtmlCacheBehavior [ RunTime:0.000000s ]
INFO: [ view_filter ] --END-- [ RunTime:0.000000s ]
INFO: [ app_end ] --START--
INFO: Run Behavior\ShowPageTraceBehavior [ RunTime:0.000000s ]
INFO: [ app_end ] --END-- [ RunTime:0.001000s ]

[ 2016-07-20T21:57:57+08:00 ] ::1 /zyblog/index.php/Admin/Comment/index.html
INFO: [ app_init ] --START--
INFO: Run Behavior\BuildLiteBehavior [ RunTime:0.000000s ]
INFO: [ app_init ] --END-- [ RunTime:0.001000s ]
INFO: [ app_begin ] --START--
INFO: Run Behavior\ReadHtmlCacheBehavior [ RunTime:0.001000s ]
INFO: [ app_begin ] --END-- [ RunTime:0.001000s ]
SQL: SHOW COLUMNS FROM `comment` [ RunTime:0.0140s ]
SQL: SELECT COUNT(*) AS tp_count FROM `comment` LIMIT 1   [ RunTime:0.0020s ]
NOTIC: [8] Undefined variable: where D:\www\zyblog\Application\Admin\Controller\CommentController.class.php 第 10 行.
SQL: SELECT * FROM `comment` ORDER BY id asc LIMIT 0,5   [ RunTime:0.0020s ]
INFO: [ view_parse ] --START--
INFO: [ template_filter ] --START--
INFO: Run Behavior\ContentReplaceBehavior [ RunTime:0.000000s ]
INFO: [ template_filter ] --END-- [ RunTime:0.000000s ]
NOTIC: [8] Undefined index: name D:\www\zyblog\Application\Runtime\Cache\Admin\9422665904e471006147a1d12ed26ddc.php 第 93 行.
NOTIC: [8] Undefined index: audit D:\www\zyblog\Application\Runtime\Cache\Admin\9422665904e471006147a1d12ed26ddc.php 第 98 行.
NOTIC: [8] Undefined variable: nowPage D:\www\zyblog\Application\Runtime\Cache\Admin\9422665904e471006147a1d12ed26ddc.php 第 101 行.
NOTIC: [8] Undefined variable: nowPage D:\www\zyblog\Application\Runtime\Cache\Admin\9422665904e471006147a1d12ed26ddc.php 第 101 行.
NOTIC: [8] Undefined index: name D:\www\zyblog\Application\Runtime\Cache\Admin\9422665904e471006147a1d12ed26ddc.php 第 93 行.
NOTIC: [8] Undefined index: audit D:\www\zyblog\Application\Runtime\Cache\Admin\9422665904e471006147a1d12ed26ddc.php 第 98 行.
NOTIC: [8] Undefined variable: nowPage D:\www\zyblog\Application\Runtime\Cache\Admin\9422665904e471006147a1d12ed26ddc.php 第 101 行.
NOTIC: [8] Undefined variable: nowPage D:\www\zyblog\Application\Runtime\Cache\Admin\9422665904e471006147a1d12ed26ddc.php 第 101 行.
NOTIC: [8] Undefined index: name D:\www\zyblog\Application\Runtime\Cache\Admin\9422665904e471006147a1d12ed26ddc.php 第 93 行.
NOTIC: [8] Undefined index: audit D:\www\zyblog\Application\Runtime\Cache\Admin\9422665904e471006147a1d12ed26ddc.php 第 98 行.
NOTIC: [8] Undefined variable: nowPage D:\www\zyblog\Application\Runtime\Cache\Admin\9422665904e471006147a1d12ed26ddc.php 第 101 行.
NOTIC: [8] Undefined variable: nowPage D:\www\zyblog\Application\Runtime\Cache\Admin\9422665904e471006147a1d12ed26ddc.php 第 101 行.
NOTIC: [8] Undefined index: name D:\www\zyblog\Application\Runtime\Cache\Admin\9422665904e471006147a1d12ed26ddc.php 第 93 行.
NOTIC: [8] Undefined index: audit D:\www\zyblog\Application\Runtime\Cache\Admin\9422665904e471006147a1d12ed26ddc.php 第 98 行.
NOTIC: [8] Undefined variable: nowPage D:\www\zyblog\Application\Runtime\Cache\Admin\9422665904e471006147a1d12ed26ddc.php 第 101 行.
NOTIC: [8] Undefined variable: nowPage D:\www\zyblog\Application\Runtime\Cache\Admin\9422665904e471006147a1d12ed26ddc.php 第 101 行.
NOTIC: [8] Undefined index: name D:\www\zyblog\Application\Runtime\Cache\Admin\9422665904e471006147a1d12ed26ddc.php 第 93 行.
NOTIC: [8] Undefined index: audit D:\www\zyblog\Application\Runtime\Cache\Admin\9422665904e471006147a1d12ed26ddc.php 第 98 行.
NOTIC: [8] Undefined variable: nowPage D:\www\zyblog\Application\Runtime\Cache\Admin\9422665904e471006147a1d12ed26ddc.php 第 101 行.
NOTIC: [8] Undefined variable: nowPage D:\www\zyblog\Application\Runtime\Cache\Admin\9422665904e471006147a1d12ed26ddc.php 第 101 行.
INFO: Run Behavior\ParseTemplateBehavior [ RunTime:0.019001s ]
INFO: [ view_parse ] --END-- [ RunTime:0.019001s ]
INFO: [ view_filter ] --START--
INFO: Run Behavior\WriteHtmlCacheBehavior [ RunTime:0.001000s ]
INFO: [ view_filter ] --END-- [ RunTime:0.001000s ]
INFO: [ app_end ] --START--
INFO: Run Behavior\ShowPageTraceBehavior [ RunTime:0.002000s ]
INFO: [ app_end ] --END-- [ RunTime:0.002000s ]

[ 2016-07-20T22:05:56+08:00 ] ::1 /zyblog/index.php/Admin/Article/update.html
INFO: [ app_init ] --START--
INFO: Run Behavior\BuildLiteBehavior [ RunTime:0.000000s ]
INFO: [ app_init ] --END-- [ RunTime:0.000000s ]
INFO: [ app_begin ] --START--
INFO: Run Behavior\ReadHtmlCacheBehavior [ RunTime:0.000000s ]
INFO: [ app_begin ] --END-- [ RunTime:0.001000s ]
SQL: SHOW COLUMNS FROM `articlelist` [ RunTime:0.1390s ]
INFO: [ app_end ] --START--
INFO: Run Behavior\ShowPageTraceBehavior [ RunTime:0.001000s ]
INFO: [ app_end ] --END-- [ RunTime:0.001000s ]

[ 2016-07-20T22:05:57+08:00 ] ::1 /zyblog/index.php/Admin/Article/update.html
INFO: [ app_init ] --START--
INFO: Run Behavior\BuildLiteBehavior [ RunTime:0.000000s ]
INFO: [ app_init ] --END-- [ RunTime:0.000000s ]
INFO: [ app_begin ] --START--
INFO: Run Behavior\ReadHtmlCacheBehavior [ RunTime:0.000000s ]
INFO: [ app_begin ] --END-- [ RunTime:0.000000s ]
SQL: SHOW COLUMNS FROM `articlelist` [ RunTime:0.0050s ]
INFO: [ app_end ] --START--
INFO: Run Behavior\ShowPageTraceBehavior [ RunTime:0.000000s ]
INFO: [ app_end ] --END-- [ RunTime:0.001000s ]

[ 2016-07-20T22:07:41+08:00 ] ::1 /zyblog/index.php/Admin/Comment/prereply
INFO: [ app_init ] --START--
INFO: Run Behavior\BuildLiteBehavior [ RunTime:0.000000s ]
INFO: [ app_init ] --END-- [ RunTime:0.000000s ]
INFO: [ app_begin ] --START--
INFO: Run Behavior\ReadHtmlCacheBehavior [ RunTime:0.001000s ]
INFO: [ app_begin ] --END-- [ RunTime:0.001000s ]

[ 2016-07-20T22:09:07+08:00 ] ::1 /zyblog/index.php/Admin/Comment/prereply
INFO: [ app_init ] --START--
INFO: Run Behavior\BuildLiteBehavior [ RunTime:0.000000s ]
INFO: [ app_init ] --END-- [ RunTime:0.001000s ]
INFO: [ app_begin ] --START--
INFO: Run Behavior\ReadHtmlCacheBehavior [ RunTime:0.001000s ]
INFO: [ app_begin ] --END-- [ RunTime:0.001000s ]

[ 2016-07-20T22:09:08+08:00 ] ::1 /zyblog/index.php/Admin/Comment/prereply
INFO: [ app_init ] --START--
INFO: Run Behavior\BuildLiteBehavior [ RunTime:0.000000s ]
INFO: [ app_init ] --END-- [ RunTime:0.000000s ]
INFO: [ app_begin ] --START--
INFO: Run Behavior\ReadHtmlCacheBehavior [ RunTime:0.001000s ]
INFO: [ app_begin ] --END-- [ RunTime:0.001000s ]

